/home/grupo08/anaconda3/lib/python3.7/site-packages/tensorboard/compat/tensorflow_stub/dtypes.py:541: FutureWarning: Passing (type, 1) or '1type' as a synonym of type is deprecated; in a future version of numpy, it will be understood as (type, (1,)) / '(1,)type'.
  _np_qint8 = np.dtype([("qint8", np.int8, 1)])
/home/grupo08/anaconda3/lib/python3.7/site-packages/tensorboard/compat/tensorflow_stub/dtypes.py:542: FutureWarning: Passing (type, 1) or '1type' as a synonym of type is deprecated; in a future version of numpy, it will be understood as (type, (1,)) / '(1,)type'.
  _np_quint8 = np.dtype([("quint8", np.uint8, 1)])
/home/grupo08/anaconda3/lib/python3.7/site-packages/tensorboard/compat/tensorflow_stub/dtypes.py:543: FutureWarning: Passing (type, 1) or '1type' as a synonym of type is deprecated; in a future version of numpy, it will be understood as (type, (1,)) / '(1,)type'.
  _np_qint16 = np.dtype([("qint16", np.int16, 1)])
/home/grupo08/anaconda3/lib/python3.7/site-packages/tensorboard/compat/tensorflow_stub/dtypes.py:544: FutureWarning: Passing (type, 1) or '1type' as a synonym of type is deprecated; in a future version of numpy, it will be understood as (type, (1,)) / '(1,)type'.
  _np_quint16 = np.dtype([("quint16", np.uint16, 1)])
/home/grupo08/anaconda3/lib/python3.7/site-packages/tensorboard/compat/tensorflow_stub/dtypes.py:545: FutureWarning: Passing (type, 1) or '1type' as a synonym of type is deprecated; in a future version of numpy, it will be understood as (type, (1,)) / '(1,)type'.
  _np_qint32 = np.dtype([("qint32", np.int32, 1)])
/home/grupo08/anaconda3/lib/python3.7/site-packages/tensorboard/compat/tensorflow_stub/dtypes.py:550: FutureWarning: Passing (type, 1) or '1type' as a synonym of type is deprecated; in a future version of numpy, it will be understood as (type, (1,)) / '(1,)type'.
  np_resource = np.dtype([("resource", np.ubyte, 1)])
'roi_heads.box_predictor.cls_score.weight' has shape (81, 1024) in the checkpoint but (4, 1024) in the model! Skipped.
'roi_heads.box_predictor.cls_score.bias' has shape (81,) in the checkpoint but (4,) in the model! Skipped.
'roi_heads.box_predictor.bbox_pred.weight' has shape (320, 1024) in the checkpoint but (12, 1024) in the model! Skipped.
'roi_heads.box_predictor.bbox_pred.bias' has shape (320,) in the checkpoint but (12,) in the model! Skipped.
'roi_heads.mask_head.predictor.weight' has shape (80, 256, 1, 1) in the checkpoint but (3, 256, 1, 1) in the model! Skipped.
'roi_heads.mask_head.predictor.bias' has shape (80,) in the checkpoint but (3,) in the model! Skipped.
Traceback (most recent call last):
  File "/home/grupo08/anaconda3/lib/python3.7/site-packages/detectron2/data/catalog.py", line 55, in get
    f = DatasetCatalog._REGISTERED[name]
KeyError: 'KITTI_MOTS_test'

During handling of the above exception, another exception occurred:

Traceback (most recent call last):
  File "../train_data_aug.py", line 279, in <module>
    evaluator = COCOEvaluator("KITTI_MOTS_test", cfg, False, output_dir=os.path.join(cfg.OUTPUT_DIR,'test'))
  File "/home/grupo08/anaconda3/lib/python3.7/site-packages/detectron2/evaluation/coco_evaluation.py", line 71, in __init__
    convert_to_coco_json(dataset_name, cache_path)
  File "/home/grupo08/anaconda3/lib/python3.7/site-packages/detectron2/data/datasets/coco.py", line 415, in convert_to_coco_json
    coco_dict = convert_to_coco_dict(dataset_name)
  File "/home/grupo08/anaconda3/lib/python3.7/site-packages/detectron2/data/datasets/coco.py", line 283, in convert_to_coco_dict
    dataset_dicts = DatasetCatalog.get(dataset_name)
  File "/home/grupo08/anaconda3/lib/python3.7/site-packages/detectron2/data/catalog.py", line 59, in get
    name, ", ".join(DatasetCatalog._REGISTERED.keys())
KeyError: "Dataset 'KITTI_MOTS_test' is not registered! Available datasets are: coco_2014_train, coco_2014_val, coco_2014_minival, coco_2014_minival_100, coco_2014_valminusminival, coco_2017_train, coco_2017_val, coco_2017_test, coco_2017_test-dev, coco_2017_val_100, keypoints_coco_2014_train, keypoints_coco_2014_val, keypoints_coco_2014_minival, keypoints_coco_2014_valminusminival, keypoints_coco_2014_minival_100, keypoints_coco_2017_train, keypoints_coco_2017_val, keypoints_coco_2017_val_100, coco_2017_train_panoptic_separated, coco_2017_train_panoptic_stuffonly, coco_2017_val_panoptic_separated, coco_2017_val_panoptic_stuffonly, coco_2017_val_100_panoptic_separated, coco_2017_val_100_panoptic_stuffonly, lvis_v0.5_train, lvis_v0.5_val, lvis_v0.5_val_rand_100, lvis_v0.5_test, lvis_v0.5_train_cocofied, lvis_v0.5_val_cocofied, cityscapes_fine_instance_seg_train, cityscapes_fine_sem_seg_train, cityscapes_fine_instance_seg_val, cityscapes_fine_sem_seg_val, cityscapes_fine_instance_seg_test, cityscapes_fine_sem_seg_test, voc_2007_trainval, voc_2007_train, voc_2007_val, voc_2007_test, voc_2012_trainval, voc_2012_train, voc_2012_val, KITTI_MOTS_train, KITTI_MOTS_val"
